<?xml version="1.0" encoding="UTF-8"?>
<!-- Generated by org.testng.reporters.JUnitXMLReporter -->
<testsuite hostname="DESKTOP-1MUQMPM" ignored="0" name="Test" tests="4" failures="0" timestamp="01 Aug 2021 00:46:09 GMT" time="0.031" errors="0">
  <testcase name="@BeforeMethod beforeMethod" time="0.031" classname="tests.LoginTest">
    <failure type="java.lang.IllegalArgumentException" message="Malformed \uxxxx encoding.">
      <![CDATA[java.lang.IllegalArgumentException: Malformed \uxxxx encoding.
at java.util.Properties.loadConvert(Properties.java:574)
at java.util.Properties.load0(Properties.java:390)
at java.util.Properties.load(Properties.java:341)
at pages.Loginpage.openbrowser(Loginpage.java:42)
at tests.LoginTest.beforeMethod(LoginTest.java:119)
... Removed 27 stack frames]]>
    </failure>
  </testcase> <!-- @BeforeMethod beforeMethod -->
  <testcase name="@AfterMethod afterMethod" time="0.0" classname="tests.LoginTest">
    <skipped/>
  </testcase> <!-- @AfterMethod afterMethod -->
  <testcase name="@BeforeMethod beforeMethod" time="0.0" classname="tests.LoginTest">
    <skipped/>
  </testcase> <!-- @BeforeMethod beforeMethod -->
  <testcase name="@AfterMethod afterMethod" time="0.0" classname="tests.LoginTest">
    <skipped/>
  </testcase> <!-- @AfterMethod afterMethod -->
  <testcase name="@BeforeMethod beforeMethod" time="0.0" classname="tests.LoginTest">
    <skipped/>
  </testcase> <!-- @BeforeMethod beforeMethod -->
  <testcase name="@AfterMethod afterMethod" time="0.0" classname="tests.LoginTest">
    <skipped/>
  </testcase> <!-- @AfterMethod afterMethod -->
  <testcase name="@BeforeMethod beforeMethod" time="0.0" classname="tests.LoginTest">
    <skipped/>
  </testcase> <!-- @BeforeMethod beforeMethod -->
  <testcase name="@AfterMethod afterMethod" time="0.0" classname="tests.LoginTest">
    <skipped/>
  </testcase> <!-- @AfterMethod afterMethod -->
  <testcase name="loginWithwrongemailAndPassword" time="0.0" classname="tests.LoginTest">
    <skipped/>
  </testcase> <!-- loginWithwrongemailAndPassword -->
  <testcase name="loginWithInvalidEmail" time="0.0" classname="tests.LoginTest">
    <skipped/>
  </testcase> <!-- loginWithInvalidEmail -->
  <testcase name="loginwithEmptyEmail" time="0.0" classname="tests.LoginTest">
    <skipped/>
  </testcase> <!-- loginwithEmptyEmail -->
  <testcase name="loginwithEmptyPassword" time="0.0" classname="tests.LoginTest">
    <skipped/>
  </testcase> <!-- loginwithEmptyPassword -->
</testsuite> <!-- Test -->
